<?xml version="1.0" encoding="UTF-8"?>
<!-- Generated by org.testng.reporters.JUnitReportReporter -->
<testsuite hostname="WENDELLROBLES-HP-EB-840-G3" failures="0" tests="1" name="bag.com.AddProductToBagTest" time="33.110" errors="0" timestamp="2024-09-27T11:07:16 CDT" skipped="0">
  <testcase classname="bag.com.AddProductToBagTest" name="testAddProductToBag" time="33.110"/>
</testsuite> <!-- bag.com.AddProductToBagTest -->
