<?xml version="1.0" encoding="UTF-8"?>
<!-- Generated by org.testng.reporters.JUnitReportReporter -->
<testsuite hostname="WENDELLROBLES-HP-EB-840-G3" failures="0" tests="1" name="product.com.SearchProductByNameTest" time="25.159" errors="0" timestamp="2024-09-27T07:23:31 CDT" skipped="0">
  <testcase classname="product.com.SearchProductByNameTest" name="testUntitledTestCase" time="25.159"/>
</testsuite> <!-- product.com.SearchProductByNameTest -->
