<?xml version="1.0" encoding="UTF-8"?>
<!-- Generated by org.testng.reporters.JUnitReportReporter -->
<testsuite hostname="WENDELLROBLES-HP-EB-840-G3" failures="0" tests="1" name="rewards.com.RewardsTest" time="15.277" errors="0" timestamp="2024-09-27T07:23:31 CDT" skipped="0">
  <testcase classname="rewards.com.RewardsTest" name="testUntitledTestCase" time="15.277"/>
</testsuite> <!-- rewards.com.RewardsTest -->
