<?xml version="1.0" encoding="UTF-8"?>
<!-- Generated by org.testng.reporters.JUnitReportReporter -->
<testsuite hostname="WENDELLROBLES-HP-EB-840-G3" failures="0" tests="1" name="bag.com.AddProductToBagTest" time="31.250" errors="0" timestamp="2024-09-27T07:23:31 CDT" skipped="0">
  <testcase classname="bag.com.AddProductToBagTest" name="testUntitledTestCase" time="31.250"/>
</testsuite> <!-- bag.com.AddProductToBagTest -->
