<?xml version="1.0" encoding="UTF-8"?>
<!-- Generated by org.testng.reporters.JUnitReportReporter -->
<testsuite hostname="WENDELLROBLES-HP-EB-840-G3" failures="0" tests="1" name="store.com.SearchStoreByInvalidZipCodeTest" time="23.295" errors="0" timestamp="2024-09-27T11:07:16 CDT" skipped="0">
  <testcase classname="store.com.SearchStoreByInvalidZipCodeTest" name="testSearchStoreByInvalidZipCode" time="23.295"/>
</testsuite> <!-- store.com.SearchStoreByInvalidZipCodeTest -->
